[debug] [2025-11-30T16:53:16.881Z] ----------------------------------------------------------------------
[debug] [2025-11-30T16:53:16.885Z] Command:       /home/pranav/.nvm/versions/node/v22.21.1/bin/node /home/pranav/.nvm/versions/node/v22.21.1/bin/firebase deploy --only hosting
[debug] [2025-11-30T16:53:16.885Z] CLI Version:   14.26.0
[debug] [2025-11-30T16:53:16.886Z] Platform:      linux
[debug] [2025-11-30T16:53:16.886Z] Node Version:  v22.21.1
[debug] [2025-11-30T16:53:16.886Z] Time:          Sun Nov 30 2025 22:23:16 GMT+0530 (India Standard Time)
[debug] [2025-11-30T16:53:16.886Z] ----------------------------------------------------------------------
[debug] 
[debug] [2025-11-30T16:53:17.263Z] > command requires scopes: ["email","openid","https://www.googleapis.com/auth/cloudplatformprojects.readonly","https://www.googleapis.com/auth/firebase","https://www.googleapis.com/auth/cloud-platform"]
[debug] [2025-11-30T16:53:17.263Z] > authorizing via signed-in user (malikarpriyanka1@gmail.com)
[debug] [2025-11-30T16:53:17.264Z] [iam] checking project priyankaportfolio-273d7 for permissions ["firebase.projects.get","firebasehosting.sites.update"]
[debug] [2025-11-30T16:53:17.265Z] Checked if tokens are valid: true, expires at: 1764525174633
[debug] [2025-11-30T16:53:17.266Z] Checked if tokens are valid: true, expires at: 1764525174633
[debug] [2025-11-30T16:53:17.267Z] >>> [apiv2][query] POST https://cloudresourcemanager.googleapis.com/v1/projects/priyankaportfolio-273d7:testIamPermissions [none]
[debug] [2025-11-30T16:53:17.267Z] >>> [apiv2][(partial)header] POST https://cloudresourcemanager.googleapis.com/v1/projects/priyankaportfolio-273d7:testIamPermissions x-goog-quota-user=projects/priyankaportfolio-273d7
[debug] [2025-11-30T16:53:17.267Z] >>> [apiv2][body] POST https://cloudresourcemanager.googleapis.com/v1/projects/priyankaportfolio-273d7:testIamPermissions {"permissions":["firebase.projects.get","firebasehosting.sites.update"]}
[debug] [2025-11-30T16:53:18.994Z] <<< [apiv2][status] POST https://cloudresourcemanager.googleapis.com/v1/projects/priyankaportfolio-273d7:testIamPermissions 200
[debug] [2025-11-30T16:53:18.995Z] <<< [apiv2][body] POST https://cloudresourcemanager.googleapis.com/v1/projects/priyankaportfolio-273d7:testIamPermissions {}
[debug] [2025-11-30T16:53:18.996Z] [iam] error while checking permissions, command may fail: Authorization failed. This account is missing the following required permissions on project priyankaportfolio-273d7:

  firebase.projects.get
  firebasehosting.sites.update
[debug] [2025-11-30T16:53:18.998Z] Checked if tokens are valid: true, expires at: 1764525174633
[debug] [2025-11-30T16:53:18.998Z] Checked if tokens are valid: true, expires at: 1764525174633
[debug] [2025-11-30T16:53:18.999Z] >>> [apiv2][query] GET https://firebase.googleapis.com/v1beta1/projects/priyankaportfolio-273d7 [none]
[debug] [2025-11-30T16:53:19.689Z] <<< [apiv2][status] GET https://firebase.googleapis.com/v1beta1/projects/priyankaportfolio-273d7 403
[debug] [2025-11-30T16:53:19.690Z] <<< [apiv2][body] GET https://firebase.googleapis.com/v1beta1/projects/priyankaportfolio-273d7 {"error":{"code":403,"message":"The caller does not have permission","status":"PERMISSION_DENIED"}}
[debug] [2025-11-30T16:53:19.692Z] Request to https://firebase.googleapis.com/v1beta1/projects/priyankaportfolio-273d7 had HTTP Error: 403, The caller does not have permission
[debug] [2025-11-30T16:53:20.297Z] FirebaseError: Request to https://firebase.googleapis.com/v1beta1/projects/priyankaportfolio-273d7 had HTTP Error: 403, The caller does not have permission
    at responseToError (/home/pranav/.nvm/versions/node/v22.21.1/lib/node_modules/firebase-tools/lib/responseToError.js:53:12)
    at RetryOperation._fn (/home/pranav/.nvm/versions/node/v22.21.1/lib/node_modules/firebase-tools/lib/apiv2.js:322:77)
    at process.processTicksAndRejections (node:internal/process/task_queues:105:5)
[error] 
[error] Error: Failed to get Firebase project priyankaportfolio-273d7. Please make sure the project exists and your account has permission to access it.
